[2025-04-20 13:27:54,718] DEBUG preRegister called. Server=com.sun.jmx.mbeanserver.JmxMBeanServer@61064425, name=log4j:logger=kafka.controller (kafka.controller)
[2025-04-20 13:29:20,568] DEBUG preRegister called. Server=com.sun.jmx.mbeanserver.JmxMBeanServer@61064425, name=log4j:logger=kafka.controller (kafka.controller)
[2025-04-20 13:35:19,986] DEBUG preRegister called. Server=com.sun.jmx.mbeanserver.JmxMBeanServer@61064425, name=log4j:logger=kafka.controller (kafka.controller)
[2025-04-20 13:35:39,272] INFO [ControllerEventThread controllerId=0] Starting (kafka.controller.ControllerEventManager$ControllerEventThread)
[2025-04-20 13:35:39,294] INFO [Controller id=0] 0 successfully elected as the controller. Epoch incremented to 1 and epoch zk version is now 1 (kafka.controller.KafkaController)
[2025-04-20 13:35:39,301] INFO [Controller id=0] Creating FeatureZNode at path: /feature with contents: FeatureZNode(Enabled,Features{}) (kafka.controller.KafkaController)
[2025-04-20 13:35:39,328] INFO [Controller id=0] Registering handlers (kafka.controller.KafkaController)
[2025-04-20 13:35:39,333] INFO [Controller id=0] Deleting log dir event notifications (kafka.controller.KafkaController)
[2025-04-20 13:35:39,337] INFO [Controller id=0] Deleting isr change notifications (kafka.controller.KafkaController)
[2025-04-20 13:35:39,339] INFO [Controller id=0] Initializing controller context (kafka.controller.KafkaController)
[2025-04-20 13:35:39,350] INFO [Controller id=0] Initialized broker epochs cache: HashMap(0 -> 39) (kafka.controller.KafkaController)
[2025-04-20 13:35:39,353] DEBUG [Controller id=0] Register BrokerModifications handler for Set(0) (kafka.controller.KafkaController)
[2025-04-20 13:35:39,358] DEBUG [Channel manager on controller 0]: Controller 0 trying to connect to broker 0 (kafka.controller.ControllerChannelManager)
[2025-04-20 13:35:39,363] INFO [RequestSendThread controllerId=0] Starting (kafka.controller.RequestSendThread)
[2025-04-20 13:35:39,365] INFO [Controller id=0] Currently active brokers in the cluster: Set(0) (kafka.controller.KafkaController)
[2025-04-20 13:35:39,365] INFO [Controller id=0] Currently shutting brokers in the cluster: HashSet() (kafka.controller.KafkaController)
[2025-04-20 13:35:39,366] INFO [Controller id=0] Current list of topics in the cluster: HashSet() (kafka.controller.KafkaController)
[2025-04-20 13:35:39,366] INFO [Controller id=0] Fetching topic deletions in progress (kafka.controller.KafkaController)
[2025-04-20 13:35:39,369] INFO [Controller id=0] List of topics to be deleted:  (kafka.controller.KafkaController)
[2025-04-20 13:35:39,369] INFO [Controller id=0] List of topics ineligible for deletion:  (kafka.controller.KafkaController)
[2025-04-20 13:35:39,369] INFO [Controller id=0] Initializing topic deletion manager (kafka.controller.KafkaController)
[2025-04-20 13:35:39,370] INFO [Topic Deletion Manager 0] Initializing manager with initial deletions: Set(), initial ineligible deletions: HashSet() (kafka.controller.TopicDeletionManager)
[2025-04-20 13:35:39,371] INFO [Controller id=0] Sending update metadata request (kafka.controller.KafkaController)
[2025-04-20 13:35:39,382] INFO [ReplicaStateMachine controllerId=0] Initializing replica state (kafka.controller.ZkReplicaStateMachine)
[2025-04-20 13:35:39,383] INFO [ReplicaStateMachine controllerId=0] Triggering online replica state changes (kafka.controller.ZkReplicaStateMachine)
[2025-04-20 13:35:39,386] INFO [ReplicaStateMachine controllerId=0] Triggering offline replica state changes (kafka.controller.ZkReplicaStateMachine)
[2025-04-20 13:35:39,387] DEBUG [ReplicaStateMachine controllerId=0] Started replica state machine with initial state -> HashMap() (kafka.controller.ZkReplicaStateMachine)
[2025-04-20 13:35:39,387] INFO [PartitionStateMachine controllerId=0] Initializing partition state (kafka.controller.ZkPartitionStateMachine)
[2025-04-20 13:35:39,388] INFO [PartitionStateMachine controllerId=0] Triggering online partition state changes (kafka.controller.ZkPartitionStateMachine)
[2025-04-20 13:35:39,390] INFO [RequestSendThread controllerId=0] Controller 0 connected to HANLASAN-000.:9092 (id: 0 rack: null) for sending state change requests (kafka.controller.RequestSendThread)
[2025-04-20 13:35:39,393] DEBUG [PartitionStateMachine controllerId=0] Started partition state machine with initial state -> HashMap() (kafka.controller.ZkPartitionStateMachine)
[2025-04-20 13:35:39,394] INFO [Controller id=0] Ready to serve as the new controller with epoch 1 (kafka.controller.KafkaController)
[2025-04-20 13:35:39,403] INFO [Controller id=0] Partitions undergoing preferred replica election:  (kafka.controller.KafkaController)
[2025-04-20 13:35:39,404] INFO [Controller id=0] Partitions that completed preferred replica election:  (kafka.controller.KafkaController)
[2025-04-20 13:35:39,404] INFO [Controller id=0] Skipping preferred replica election for partitions due to topic deletion:  (kafka.controller.KafkaController)
[2025-04-20 13:35:39,405] INFO [Controller id=0] Resuming preferred replica election for partitions:  (kafka.controller.KafkaController)
[2025-04-20 13:35:39,406] INFO [Controller id=0] Starting replica leader election (PREFERRED) for partitions  triggered by ZkTriggered (kafka.controller.KafkaController)
[2025-04-20 13:35:39,432] INFO [Controller id=0] Starting the controller scheduler (kafka.controller.KafkaController)
[2025-04-20 13:35:44,433] INFO [Controller id=0] Processing automatic preferred replica leader election (kafka.controller.KafkaController)
[2025-04-20 13:35:44,434] TRACE [Controller id=0] Checking need to trigger auto leader balancing (kafka.controller.KafkaController)
[2025-04-20 13:40:44,436] INFO [Controller id=0] Processing automatic preferred replica leader election (kafka.controller.KafkaController)
[2025-04-20 13:40:44,437] TRACE [Controller id=0] Checking need to trigger auto leader balancing (kafka.controller.KafkaController)
[2025-04-20 13:44:41,822] INFO [Controller id=0] Shutting down broker 0 (kafka.controller.KafkaController)
[2025-04-20 13:44:41,823] DEBUG [Controller id=0] All shutting down brokers: 0 (kafka.controller.KafkaController)
[2025-04-20 13:44:41,823] DEBUG [Controller id=0] Live brokers:  (kafka.controller.KafkaController)
[2025-04-20 13:44:41,826] TRACE [Controller id=0] All leaders =  (kafka.controller.KafkaController)
[2025-04-20 13:44:43,016] INFO [ControllerEventThread controllerId=0] Shutting down (kafka.controller.ControllerEventManager$ControllerEventThread)
[2025-04-20 13:44:43,016] INFO [ControllerEventThread controllerId=0] Stopped (kafka.controller.ControllerEventManager$ControllerEventThread)
[2025-04-20 13:44:43,016] INFO [ControllerEventThread controllerId=0] Shutdown completed (kafka.controller.ControllerEventManager$ControllerEventThread)
[2025-04-20 13:44:43,017] DEBUG [Controller id=0] Resigning (kafka.controller.KafkaController)
[2025-04-20 13:44:43,017] DEBUG [Controller id=0] Unregister BrokerModifications handler for Set(0) (kafka.controller.KafkaController)
[2025-04-20 13:44:43,018] INFO [PartitionStateMachine controllerId=0] Stopped partition state machine (kafka.controller.ZkPartitionStateMachine)
[2025-04-20 13:44:43,019] INFO [ReplicaStateMachine controllerId=0] Stopped replica state machine (kafka.controller.ZkReplicaStateMachine)
[2025-04-20 13:44:43,019] INFO [RequestSendThread controllerId=0] Shutting down (kafka.controller.RequestSendThread)
[2025-04-20 13:44:43,019] INFO [RequestSendThread controllerId=0] Stopped (kafka.controller.RequestSendThread)
[2025-04-20 13:44:43,019] INFO [RequestSendThread controllerId=0] Shutdown completed (kafka.controller.RequestSendThread)
[2025-04-20 13:44:43,021] INFO [Controller id=0] Resigned (kafka.controller.KafkaController)
